<?xml version="1.0" encoding="UTF-8"?>
<testng-results skipped="0" failed="0" ignored="0" total="1" passed="1">
  <reporter-output>
  </reporter-output>
  <suite name="Suite" duration-ms="22715" started-at="2020-10-18T17:22:11 IST" finished-at="2020-10-18T17:22:34 IST">
    <groups>
    </groups>
    <test name="Test" duration-ms="22715" started-at="2020-10-18T17:22:11 IST" finished-at="2020-10-18T17:22:34 IST">
      <class name="testMethodsAnna.LoginTest">
        <test-method status="PASS" signature="setup()[pri:0, instance:testMethodsAnna.LoginTest@3fd7a715]" name="setup" is-config="true" duration-ms="10769" started-at="2020-10-18T17:22:11 IST" finished-at="2020-10-18T17:22:22 IST">
          <reporter-output>
          </reporter-output>
        </test-method> <!-- setup -->
        <test-method status="PASS" signature="Validation()[pri:0, instance:testMethodsAnna.LoginTest@3fd7a715]" name="Validation" duration-ms="8866" started-at="2020-10-18T17:22:22 IST" finished-at="2020-10-18T17:22:31 IST">
          <reporter-output>
          </reporter-output>
        </test-method> <!-- Validation -->
        <test-method status="PASS" signature="tearDown()[pri:0, instance:testMethodsAnna.LoginTest@3fd7a715]" name="tearDown" is-config="true" duration-ms="3003" started-at="2020-10-18T17:22:31 IST" finished-at="2020-10-18T17:22:34 IST">
          <reporter-output>
          </reporter-output>
        </test-method> <!-- tearDown -->
      </class> <!-- testMethodsAnna.LoginTest -->
    </test> <!-- Test -->
  </suite> <!-- Suite -->
</testng-results>
